#
# A fatal error has been detected by the Java Runtime Environment:
#
#  EXCEPTION_ACCESS_VIOLATION (0xc0000005) at pc=0x00000000610a30f3, pid=7672, tid=0x0000000000002ac4
#
# JRE version: Java(TM) SE Runtime Environment (8.0_144-b01) (build 1.8.0_144-b01)
# Java VM: Java HotSpot(TM) 64-Bit Server VM (25.144-b01 mixed mode windows-amd64 compressed oops)
# Problematic frame:
# V  [jvm.dll+0x2030f3]
#
# Failed to write core dump. Minidumps are not enabled by default on client versions of Windows
#
# If you would like to submit a bug report, please visit:
#   http://bugreport.java.com/bugreport/crash.jsp
#

---------------  T H R E A D  ---------------

Current thread (0x000000001bc3a000):  JavaThread "AWT-EventQueue-0" [_thread_in_vm, id=10948, stack(0x000000001c520000,0x000000001c620000)]

siginfo: ExceptionCode=0xc0000005, reading address 0x0000002800000030

Registers:
RAX=0x0000002800000010, RBX=0x00000000ffffffff, RCX=0x0000000000001f40, RDX=0x00000000ffffffff
RSP=0x000000001c61afc0, RBP=0x000000001bc3a000, RSI=0x000000001c61b100, RDI=0x000000001c61b020
R8 =0x00000007c0048708, R9 =0x000000001c61b100, R10=0x0000000000000000, R11=0x0000000000000001
R12=0x0000000000000000, R13=0x000000000000019a, R14=0x000000001c61b420, R15=0x000000001c61b420
RIP=0x00000000610a30f3, EFLAGS=0x0000000000010202

Top of Stack: (sp=0x000000001c61afc0)
0x000000001c61afc0:   000000001a036f00 0000000060f5db87
0x000000001c61afd0:   00000007c00a2e08 000000001a03a390
0x000000001c61afe0:   000000001a036f00 000000001c61b210
0x000000001c61aff0:   00000000ffffffff 00000000610a3892
0x000000001c61b000:   000000001c61b080 00000000ffffffff
0x000000001c61b010:   0000000000000000 0000000000000000
0x000000001c61b020:   00000007c0000f28 000000001bc3a000
0x000000001c61b030:   000000001c61b0f0 0000000060f5d5ac
0x000000001c61b040:   000000001c61b420 000000001c61b0f0
0x000000001c61b050:   000000001a036f00 000000001a03a390
0x000000001c61b060:   000000001a01c9f0 000000001a01cdc8
0x000000001c61b070:   00000000000003d8 000000001a01c9e0
0x000000001c61b080:   00000007c0000f28 000000001bc3a000
0x000000001c61b090:   0000000060ea0000 0000000060fcd469
0x000000001c61b0a0:   0000000000000001 0000000060f60a4e
0x000000001c61b0b0:   000000001c61b0f0 000000001bc3a000 

Instructions: (pc=0x00000000610a30f3)
0x00000000610a30d3:   ff 32 c0 48 8b 5c 24 40 48 83 c4 30 5f c3 80 3d
0x00000000610a30e3:   ed 42 5a 00 00 74 0f 48 8b 41 08 b9 40 1f 00 00
0x00000000610a30f3:   66 39 48 20 77 d3 48 8d 4c 24 20 48 8b d7 e8 3a
0x00000000610a3103:   c4 e2 ff 48 8b c8 e8 d2 bf 11 00 84 c0 74 ba 83 


Register to memory mapping:

RAX=0x0000002800000010 is an unknown value
RBX=0x00000000ffffffff is an unknown value
RCX=0x0000000000001f40 is an unknown value
RDX=0x00000000ffffffff is an unknown value
RSP=0x000000001c61afc0 is pointing into the stack for thread: 0x000000001bc3a000
RBP=0x000000001bc3a000 is a thread
RSI=0x000000001c61b100 is pointing into the stack for thread: 0x000000001bc3a000
RDI=0x000000001c61b020 is pointing into the stack for thread: 0x000000001bc3a000
R8 =0x00000007c0048708 is pointing into metadata
R9 =0x000000001c61b100 is pointing into the stack for thread: 0x000000001bc3a000
R10=0x0000000000000000 is an unknown value
R11=0x0000000000000001 is an unknown value
R12=0x0000000000000000 is an unknown value
R13=0x000000000000019a is an unknown value
R14=0x000000001c61b420 is pointing into the stack for thread: 0x000000001bc3a000
R15=0x000000001c61b420 is pointing into the stack for thread: 0x000000001bc3a000


Stack: [0x000000001c520000,0x000000001c620000],  sp=0x000000001c61afc0,  free space=1003k
Native frames: (J=compiled Java code, j=interpreted, Vv=VM code, C=native code)
V  [jvm.dll+0x2030f3]
V  [jvm.dll+0x203892]
V  [jvm.dll+0xbd5ac]
V  [jvm.dll+0xc0a4e]
V  [jvm.dll+0xc1fa4]
V  [jvm.dll+0xc3467]
V  [jvm.dll+0xc3dea]
V  [jvm.dll+0xc4447]
V  [jvm.dll+0xbc703]
C  0x0000000002fa3bcc

Java frames: (J=compiled Java code, j=interpreted, Vv=VM code)
j  java.awt.DefaultKeyboardFocusManager.dispatchEvent(Ljava/awt/AWTEvent;)Z+1428
j  java.awt.Component.dispatchEventImpl(Ljava/awt/AWTEvent;)V+151
j  java.awt.Container.dispatchEventImpl(Ljava/awt/AWTEvent;)V+42
j  java.awt.Window.dispatchEventImpl(Ljava/awt/AWTEvent;)V+19
j  java.awt.Component.dispatchEvent(Ljava/awt/AWTEvent;)V+2
j  java.awt.EventQueue.dispatchEventImpl(Ljava/awt/AWTEvent;Ljava/lang/Object;)V+41
j  java.awt.EventQueue.access$500(Ljava/awt/EventQueue;Ljava/awt/AWTEvent;Ljava/lang/Object;)V+3
j  java.awt.EventQueue$3.run()Ljava/lang/Void;+32
j  java.awt.EventQueue$3.run()Ljava/lang/Object;+1
v  ~StubRoutines::call_stub
J 928  java.security.AccessController.doPrivileged(Ljava/security/PrivilegedAction;Ljava/security/AccessControlContext;)Ljava/lang/Object; (0 bytes) @ 0x00000000032cb5a6 [0x00000000032cb540+0x66]
J 935 C1 java.security.ProtectionDomain$JavaSecurityAccessImpl.doIntersectionPrivilege(Ljava/security/PrivilegedAction;Ljava/security/AccessControlContext;Ljava/security/AccessControlContext;)Ljava/lang/Object; (22 bytes) @ 0x00000000032d01fc [0x00000000032cfd80+0x47c]
j  java.security.ProtectionDomain$JavaSecurityAccessImpl.doIntersectionPrivilege(Ljava/security/PrivilegedAction;Ljava/security/AccessControlContext;)Ljava/lang/Object;+6
j  java.awt.EventQueue$4.run()Ljava/lang/Void;+11
j  java.awt.EventQueue$4.run()Ljava/lang/Object;+1
v  ~StubRoutines::call_stub
J 928  java.security.AccessController.doPrivileged(Ljava/security/PrivilegedAction;Ljava/security/AccessControlContext;)Ljava/lang/Object; (0 bytes) @ 0x00000000032cb5a6 [0x00000000032cb540+0x66]
J 935 C1 java.security.ProtectionDomain$JavaSecurityAccessImpl.doIntersectionPrivilege(Ljava/security/PrivilegedAction;Ljava/security/AccessControlContext;Ljava/security/AccessControlContext;)Ljava/lang/Object; (22 bytes) @ 0x00000000032d01fc [0x00000000032cfd80+0x47c]
j  java.awt.EventQueue.dispatchEvent(Ljava/awt/AWTEvent;)V+73
j  java.awt.SequencedEvent.dispatch()V+108
j  java.awt.EventQueue.dispatchEventImpl(Ljava/awt/AWTEvent;Ljava/lang/Object;)V+21
j  java.awt.EventQueue.access$500(Ljava/awt/EventQueue;Ljava/awt/AWTEvent;Ljava/lang/Object;)V+3
j  java.awt.EventQueue$3.run()Ljava/lang/Void;+32
j  java.awt.EventQueue$3.run()Ljava/lang/Object;+1
v  ~StubRoutines::call_stub
J 928  java.security.AccessController.doPrivileged(Ljava/security/PrivilegedAction;Ljava/security/AccessControlContext;)Ljava/lang/Object; (0 bytes) @ 0x00000000032cb5a6 [0x00000000032cb540+0x66]
J 935 C1 java.security.ProtectionDomain$JavaSecurityAccessImpl.doIntersectionPrivilege(Ljava/security/PrivilegedAction;Ljava/security/AccessControlContext;Ljava/security/AccessControlContext;)Ljava/lang/Object; (22 bytes) @ 0x00000000032d01fc [0x00000000032cfd80+0x47c]
j  java.security.ProtectionDomain$JavaSecurityAccessImpl.doIntersectionPrivilege(Ljava/security/PrivilegedAction;Ljava/security/AccessControlContext;)Ljava/lang/Object;+6
j  java.awt.EventQueue$4.run()Ljava/lang/Void;+11
j  java.awt.EventQueue$4.run()Ljava/lang/Object;+1
v  ~StubRoutines::call_stub
J 928  java.security.AccessController.doPrivileged(Ljava/security/PrivilegedAction;Ljava/security/AccessControlContext;)Ljava/lang/Object; (0 bytes) @ 0x00000000032cb5a6 [0x00000000032cb540+0x66]
J 935 C1 java.security.ProtectionDomain$JavaSecurityAccessImpl.doIntersectionPrivilege(Ljava/security/PrivilegedAction;Ljava/security/AccessControlContext;Ljava/security/AccessControlContext;)Ljava/lang/Object; (22 bytes) @ 0x00000000032d01fc [0x00000000032cfd80+0x47c]
j  java.awt.EventQueue.dispatchEvent(Ljava/awt/AWTEvent;)V+73
j  java.awt.EventDispatchThread.pumpOneEventForFilters(I)V+245
j  java.awt.EventDispatchThread.pumpEventsForFilter(ILjava/awt/Conditional;Ljava/awt/EventFilter;)V+35
j  java.awt.EventDispatchThread.pumpEventsForHierarchy(ILjava/awt/Conditional;Ljava/awt/Component;)V+11
j  java.awt.EventDispatchThread.pumpEvents(ILjava/awt/Conditional;)V+4
j  java.awt.EventDispatchThread.pumpEvents(Ljava/awt/Conditional;)V+3
j  java.awt.EventDispatchThread.run()V+9
v  ~StubRoutines::call_stub

---------------  P R O C E S S  ---------------

Java Threads: ( => current thread )
  0x000000001cffc800 JavaThread "TimerQueue" daemon [_thread_blocked, id=6656, stack(0x000000001ea50000,0x000000001eb50000)]
  0x0000000002e7d800 JavaThread "DestroyJavaVM" [_thread_blocked, id=10036, stack(0x0000000002cb0000,0x0000000002db0000)]
=>0x000000001bc3a000 JavaThread "AWT-EventQueue-0" [_thread_in_vm, id=10948, stack(0x000000001c520000,0x000000001c620000)]
  0x000000001bc36800 JavaThread "AWT-Windows" daemon [_thread_in_native, id=10900, stack(0x000000001c290000,0x000000001c390000)]
  0x000000001bbe3800 JavaThread "AWT-Shutdown" [_thread_blocked, id=9256, stack(0x000000001c190000,0x000000001c290000)]
  0x000000001bbe0000 JavaThread "Java2D Disposer" daemon [_thread_blocked, id=10472, stack(0x000000001c090000,0x000000001c190000)]
  0x000000001b856000 JavaThread "Service Thread" daemon [_thread_blocked, id=6388, stack(0x000000001bd50000,0x000000001be50000)]
  0x000000001b850800 JavaThread "C1 CompilerThread2" daemon [_thread_blocked, id=1720, stack(0x000000001bc50000,0x000000001bd50000)]
  0x000000001a05c000 JavaThread "C2 CompilerThread1" daemon [_thread_blocked, id=776, stack(0x000000001b750000,0x000000001b850000)]
  0x0000000019ffe000 JavaThread "C2 CompilerThread0" daemon [_thread_blocked, id=6472, stack(0x000000001b650000,0x000000001b750000)]
  0x0000000019ffb800 JavaThread "Attach Listener" daemon [_thread_blocked, id=9064, stack(0x000000001b550000,0x000000001b650000)]
  0x0000000019ffa800 JavaThread "Signal Dispatcher" daemon [_thread_blocked, id=3068, stack(0x000000001b450000,0x000000001b550000)]
  0x0000000002f7a800 JavaThread "Finalizer" daemon [_thread_blocked, id=10648, stack(0x000000001b250000,0x000000001b350000)]
  0x0000000002f70000 JavaThread "Reference Handler" daemon [_thread_blocked, id=11176, stack(0x000000001b150000,0x000000001b250000)]

Other Threads:
  0x0000000019fc7000 VMThread [stack: 0x000000001b050000,0x000000001b150000] [id=6308]
  0x000000001b85a800 WatcherThread [stack: 0x000000001be50000,0x000000001bf50000] [id=2020]

VM state:not at safepoint (normal execution)

VM Mutex/Monitor currently owned by a thread: None

Heap:
 PSYoungGen      total 57344K, used 12782K [0x0000000780980000, 0x0000000784980000, 0x00000007c0000000)
  eden space 49152K, 26% used [0x0000000780980000,0x00000007815fbae0,0x0000000783980000)
  from space 8192K, 0% used [0x0000000784180000,0x0000000784180000,0x0000000784980000)
  to   space 8192K, 0% used [0x0000000783980000,0x0000000783980000,0x0000000784180000)
 ParOldGen       total 131072K, used 0K [0x0000000701c00000, 0x0000000709c00000, 0x0000000780980000)
  object space 131072K, 0% used [0x0000000701c00000,0x0000000701c00000,0x0000000709c00000)
 Metaspace       used 10138K, capacity 10332K, committed 10624K, reserved 1058816K
  class space    used 1261K, capacity 1324K, committed 1408K, reserved 1048576K

Card table byte_map: [0x0000000012340000,0x0000000012940000] byte_map_base: 0x000000000eb32000

Marking Bits: (ParMarkBitMap*) 0x00000000616bd850
 Begin Bits: [0x0000000013140000, 0x00000000160d0000)
 End Bits:   [0x00000000160d0000, 0x0000000019060000)

Polling page: 0x0000000001470000

CodeCache: size=245760Kb used=3467Kb max_used=3468Kb free=242292Kb
 bounds [0x0000000002f80000, 0x00000000032f0000, 0x0000000011f80000]
 total_blobs=1440 nmethods=978 adapters=374
 compilation: enabled

Compilation events (10 events):
Event: 1.809 Thread 0x000000001b850800  974       3       sun.awt.SunToolkit::getSystemEventQueueImpl (4 bytes)
Event: 1.809 Thread 0x000000001b850800 nmethod 974 0x00000000032e43d0 code [0x00000000032e4560, 0x00000000032e4938]
Event: 1.809 Thread 0x000000001b850800  975       3       sun.awt.SunToolkit::getSystemEventQueueImplPP (7 bytes)
Event: 1.809 Thread 0x000000001b850800 nmethod 975 0x00000000032e3d90 code [0x00000000032e3f20, 0x00000000032e4298]
Event: 2.216 Thread 0x000000001b850800  976       3       java.util.IdentityHashMap$IdentityHashMapIterator::nextIndex (72 bytes)
Event: 2.217 Thread 0x000000001b850800 nmethod 976 0x00000000032e36d0 code [0x00000000032e3860, 0x00000000032e3c48]
Event: 2.217 Thread 0x000000001b850800  977       3       sun.java2d.SunGraphics2D::create (8 bytes)
Event: 2.217 Thread 0x000000001b850800 nmethod 977 0x00000000032e31d0 code [0x00000000032e3340, 0x00000000032e3628]
Event: 2.217 Thread 0x000000001b850800  978   !   3       sun.java2d.SunGraphics2D::clone (114 bytes)
Event: 2.217 Thread 0x000000001b850800 nmethod 978 0x00000000032e2150 code [0x00000000032e2340, 0x00000000032e2d68]

GC Heap History (0 events):
No events

Deoptimization events (9 events):
Event: 0.657 Thread 0x000000001bc3a000 Uncommon trap: reason=unstable_if action=reinterpret pc=0x0000000003282df4 method=java.awt.Component.isShowing()Z @ 27
Event: 0.657 Thread 0x000000001bc3a000 Uncommon trap: reason=unstable_if action=reinterpret pc=0x0000000003282df4 method=java.awt.Component.isShowing()Z @ 27
Event: 0.657 Thread 0x000000001bc3a000 Uncommon trap: reason=unstable_if action=reinterpret pc=0x0000000003282df4 method=java.awt.Component.isShowing()Z @ 27
Event: 0.657 Thread 0x000000001bc3a000 Uncommon trap: reason=unstable_if action=reinterpret pc=0x0000000003282df4 method=java.awt.Component.isShowing()Z @ 27
Event: 0.657 Thread 0x000000001bc3a000 Uncommon trap: reason=unstable_if action=reinterpret pc=0x0000000003282df4 method=java.awt.Component.isShowing()Z @ 27
Event: 0.677 Thread 0x000000001bc3a000 Uncommon trap: reason=unstable_if action=reinterpret pc=0x0000000003212d54 method=java.util.ArrayList.indexOf(Ljava/lang/Object;)I @ 41
Event: 0.691 Thread 0x000000001bc3a000 Uncommon trap: reason=unstable_if action=reinterpret pc=0x000000000326e768 method=sun.awt.SunToolkit.getAppContext(Ljava/lang/Object;)Lsun/awt/AppContext; @ 4
Event: 0.697 Thread 0x000000001bc3a000 Uncommon trap: reason=unstable_if action=reinterpret pc=0x00000000031afdc4 method=java.lang.Class.getInterfaces()[Ljava/lang/Class; @ 20
Event: 0.697 Thread 0x000000001bc3a000 Uncommon trap: reason=unstable_if action=reinterpret pc=0x0000000003195084 method=java.lang.Class.getInterfaces()[Ljava/lang/Class; @ 20

Internal exceptions (10 events):
Event: 0.170 Thread 0x0000000002e7d800 Exception <a 'java/security/PrivilegedActionException'> (0x0000000780a04aa8) thrown at [C:\re\workspace\8-2-build-windows-amd64-cygwin\jdk8u144\9417\hotspot\src\share\vm\prims\jvm.cpp, line 1390]
Event: 0.170 Thread 0x0000000002e7d800 Exception <a 'java/security/PrivilegedActionException'> (0x0000000780a04cb8) thrown at [C:\re\workspace\8-2-build-windows-amd64-cygwin\jdk8u144\9417\hotspot\src\share\vm\prims\jvm.cpp, line 1390]
Event: 0.170 Thread 0x0000000002e7d800 Exception <a 'java/security/PrivilegedActionException'> (0x0000000780a08928) thrown at [C:\re\workspace\8-2-build-windows-amd64-cygwin\jdk8u144\9417\hotspot\src\share\vm\prims\jvm.cpp, line 1390]
Event: 0.170 Thread 0x0000000002e7d800 Exception <a 'java/security/PrivilegedActionException'> (0x0000000780a08b38) thrown at [C:\re\workspace\8-2-build-windows-amd64-cygwin\jdk8u144\9417\hotspot\src\share\vm\prims\jvm.cpp, line 1390]
Event: 0.181 Thread 0x0000000002e7d800 Exception <a 'java/io/FileNotFoundException'> (0x0000000780a192f0) thrown at [C:\re\workspace\8-2-build-windows-amd64-cygwin\jdk8u144\9417\hotspot\src\share\vm\prims\jni.cpp, line 709]
Event: 0.221 Thread 0x0000000002e7d800 Exception <a 'java/lang/NoSuchFieldError': method resolution failed> (0x0000000780bdc6d0) thrown at [C:\re\workspace\8-2-build-windows-amd64-cygwin\jdk8u144\9417\hotspot\src\share\vm\prims\methodHandles.cpp, line 1146]
Event: 0.222 Thread 0x0000000002e7d800 Exception <a 'java/lang/NoSuchFieldError': method resolution failed> (0x0000000780be9aa0) thrown at [C:\re\workspace\8-2-build-windows-amd64-cygwin\jdk8u144\9417\hotspot\src\share\vm\prims\methodHandles.cpp, line 1146]
Event: 0.269 Thread 0x000000001bc3a000 Exception <a 'java/io/FileNotFoundException'> (0x0000000780e5b490) thrown at [C:\re\workspace\8-2-build-windows-amd64-cygwin\jdk8u144\9417\hotspot\src\share\vm\prims\jni.cpp, line 709]
Event: 0.697 Thread 0x000000001bc3a000 Implicit null exception at 0x00000000031af247 to 0x00000000031afdad
Event: 0.697 Thread 0x000000001bc3a000 Implicit null exception at 0x0000000003194ee5 to 0x0000000003195069

Events (10 events):
Event: 1.262 loading class java/awt/Toolkit$ToolkitEventMulticaster
Event: 1.262 loading class java/awt/Toolkit$ToolkitEventMulticaster done
Event: 1.262 loading class java/awt/event/MouseWheelEvent
Event: 1.262 loading class java/awt/event/MouseWheelEvent done
Event: 1.262 loading class java/awt/AWTEvent$2
Event: 1.262 loading class java/awt/AWTEvent$2 done
Event: 1.262 loading class sun/reflect/UnsafeBooleanFieldAccessorImpl
Event: 1.262 loading class sun/reflect/UnsafeBooleanFieldAccessorImpl done
Event: 1.271 loading class java/awt/LightweightDispatcher$2
Event: 1.271 loading class java/awt/LightweightDispatcher$2 done


Dynamic libraries:
0x00007ff798360000 - 0x00007ff798397000 	C:\Program Files\Java\jre1.8.0_144\bin\javaw.exe
0x00007ff9c4830000 - 0x00007ff9c4a1d000 	C:\WINDOWS\SYSTEM32\ntdll.dll
0x00007ff9c1bd0000 - 0x00007ff9c1c83000 	C:\WINDOWS\System32\KERNEL32.DLL
0x00007ff9c0d30000 - 0x00007ff9c0fc3000 	C:\WINDOWS\System32\KERNELBASE.dll
0x00007ff9c3ee0000 - 0x00007ff9c3f83000 	C:\WINDOWS\System32\ADVAPI32.dll
0x00007ff9c4040000 - 0x00007ff9c40de000 	C:\WINDOWS\System32\msvcrt.dll
0x00007ff9c4410000 - 0x00007ff9c44ae000 	C:\WINDOWS\System32\sechost.dll
0x00007ff9c3a50000 - 0x00007ff9c3b72000 	C:\WINDOWS\System32\RPCRT4.dll
0x00007ff9c3180000 - 0x00007ff9c3317000 	C:\WINDOWS\System32\USER32.dll
0x00007ff9c0fd0000 - 0x00007ff9c0ff0000 	C:\WINDOWS\System32\win32u.dll
0x00007ff9c45e0000 - 0x00007ff9c4609000 	C:\WINDOWS\System32\GDI32.dll
0x00007ff9c0b90000 - 0x00007ff9c0d2a000 	C:\WINDOWS\System32\gdi32full.dll
0x00007ff9c1010000 - 0x00007ff9c10b0000 	C:\WINDOWS\System32\msvcp_win.dll
0x00007ff9c1130000 - 0x00007ff9c122c000 	C:\WINDOWS\System32\ucrtbase.dll
0x00007ff9b2800000 - 0x00007ff9b2a79000 	C:\WINDOWS\WinSxS\amd64_microsoft.windows.common-controls_6595b64144ccf1df_6.0.17763.253_none_05b2388e0721fece\COMCTL32.dll
0x00007ff9c40e0000 - 0x00007ff9c440d000 	C:\WINDOWS\System32\combase.dll
0x00007ff9c10b0000 - 0x00007ff9c112e000 	C:\WINDOWS\System32\bcryptPrimitives.dll
0x00007ff9c3cf0000 - 0x00007ff9c3d1e000 	C:\WINDOWS\System32\IMM32.DLL
0x0000000061bf0000 - 0x0000000061cc2000 	C:\Program Files\Java\jre1.8.0_144\bin\msvcr100.dll
0x0000000060ea0000 - 0x000000006173d000 	C:\Program Files\Java\jre1.8.0_144\bin\server\jvm.dll
0x00007ff9c3320000 - 0x00007ff9c3328000 	C:\WINDOWS\System32\PSAPI.DLL
0x00007ff9ac690000 - 0x00007ff9ac699000 	C:\WINDOWS\SYSTEM32\WSOCK32.dll
0x00007ff9c3330000 - 0x00007ff9c339d000 	C:\WINDOWS\System32\WS2_32.dll
0x00007ff9bcee0000 - 0x00007ff9bcf04000 	C:\WINDOWS\SYSTEM32\WINMM.dll
0x00007ff9b7350000 - 0x00007ff9b735a000 	C:\WINDOWS\SYSTEM32\VERSION.dll
0x00007ff9bceb0000 - 0x00007ff9bcedd000 	C:\WINDOWS\SYSTEM32\WINMMBASE.dll
0x00007ff9c0960000 - 0x00007ff9c09aa000 	C:\WINDOWS\System32\cfgmgr32.dll
0x0000000061da0000 - 0x0000000061daf000 	C:\Program Files\Java\jre1.8.0_144\bin\verify.dll
0x0000000061d70000 - 0x0000000061d99000 	C:\Program Files\Java\jre1.8.0_144\bin\java.dll
0x0000000061d50000 - 0x0000000061d66000 	C:\Program Files\Java\jre1.8.0_144\bin\zip.dll
0x00007ff9c1c90000 - 0x00007ff9c317f000 	C:\WINDOWS\System32\SHELL32.dll
0x00007ff9c3f90000 - 0x00007ff9c4038000 	C:\WINDOWS\System32\shcore.dll
0x00007ff9c1230000 - 0x00007ff9c197a000 	C:\WINDOWS\System32\windows.storage.dll
0x00007ff9c08b0000 - 0x00007ff9c08d4000 	C:\WINDOWS\System32\profapi.dll
0x00007ff9c0830000 - 0x00007ff9c088d000 	C:\WINDOWS\System32\powrprof.dll
0x00007ff9c39f0000 - 0x00007ff9c3a42000 	C:\WINDOWS\System32\shlwapi.dll
0x00007ff9c08e0000 - 0x00007ff9c08f1000 	C:\WINDOWS\System32\kernel.appcore.dll
0x00007ff9c0ff0000 - 0x00007ff9c1007000 	C:\WINDOWS\System32\cryptsp.dll
0x0000000060d00000 - 0x0000000060e98000 	C:\Program Files\Java\jre1.8.0_144\bin\awt.dll
0x00007ff9c1a80000 - 0x00007ff9c1b4b000 	C:\WINDOWS\System32\OLEAUT32.dll
0x00007ff9bd890000 - 0x00007ff9bd91c000 	C:\WINDOWS\SYSTEM32\apphelp.dll
0x00007ff9be670000 - 0x00007ff9be70c000 	C:\WINDOWS\system32\uxtheme.dll
0x00007ff9c3b80000 - 0x00007ff9c3cea000 	C:\WINDOWS\System32\MSCTF.dll
0x00007ff9beb40000 - 0x00007ff9beb6e000 	C:\WINDOWS\system32\dwmapi.dll
0x00007ff9c09b0000 - 0x00007ff9c0b8b000 	C:\WINDOWS\System32\CRYPT32.dll
0x00007ff9c0890000 - 0x00007ff9c08a2000 	C:\WINDOWS\System32\MSASN1.dll
0x00007ff9c33b0000 - 0x00007ff9c3505000 	C:\WINDOWS\System32\ole32.dll
0x00007ff99b660000 - 0x00007ff99b787000 	C:\WINDOWS\system32\opengl32.dll
0x00007ff9a6330000 - 0x00007ff9a635c000 	C:\WINDOWS\SYSTEM32\GLU32.dll
0x0000000061a10000 - 0x0000000061a57000 	C:\Program Files\Java\jre1.8.0_144\bin\fontmanager.dll
0x00007ff9c44b0000 - 0x00007ff9c4552000 	C:\WINDOWS\System32\clbcatq.dll
0x00007ff9b97f0000 - 0x00007ff9b99a8000 	C:\WINDOWS\SYSTEM32\WindowsCodecs.dll
0x00007ff99e200000 - 0x00007ff99e256000 	C:\WINDOWS\system32\dataexchange.dll
0x00007ff9bcc20000 - 0x00007ff9bce9e000 	C:\WINDOWS\system32\d3d11.dll
0x00007ff9bd000000 - 0x00007ff9bd1c3000 	C:\WINDOWS\system32\dcomp.dll
0x00007ff9bf5c0000 - 0x00007ff9bf682000 	C:\WINDOWS\system32\dxgi.dll
0x00007ff9be930000 - 0x00007ff9beb3d000 	C:\WINDOWS\system32\twinapi.appcore.dll
0x00007ff9bed20000 - 0x00007ff9bed48000 	C:\WINDOWS\system32\RMCLIENT.dll
0x0000000061d30000 - 0x0000000061d4a000 	C:\Program Files\Java\jre1.8.0_144\bin\net.dll
0x00007ff9c00c0000 - 0x00007ff9c0127000 	C:\WINDOWS\system32\mswsock.dll
0x0000000061d10000 - 0x0000000061d21000 	C:\Program Files\Java\jre1.8.0_144\bin\nio.dll
0x00000000619c0000 - 0x0000000061a02000 	C:\Program Files\Java\jre1.8.0_144\bin\t2k.dll
0x00007ff9b0260000 - 0x00007ff9b02f5000 	C:\WINDOWS\System32\TextInputFramework.dll
0x00007ff9b9dc0000 - 0x00007ff9ba0e2000 	C:\WINDOWS\System32\CoreUIComponents.dll
0x00007ff9bd210000 - 0x00007ff9bd2f2000 	C:\WINDOWS\System32\CoreMessaging.dll
0x00007ff9bf900000 - 0x00007ff9bf931000 	C:\WINDOWS\SYSTEM32\ntmarta.dll
0x00007ff9bd920000 - 0x00007ff9bda73000 	C:\WINDOWS\SYSTEM32\wintypes.dll
0x00007ff9bf0f0000 - 0x00007ff9bf2dd000 	C:\WINDOWS\SYSTEM32\dbghelp.dll

VM Arguments:
jvm_args: -Dfile.encoding=Cp1252 
java_command: ElementWindow
java_class_path (initial): C:\Users\Mehrab\git\QueueVisualImplementation\bin;C:\Users\Mehrab\git\QueueVisualImplementation\jgoodies-forms-1.8.0.jar
Launcher Type: SUN_STANDARD

Environment Variables:
PATH=C:/Program Files/Java/jre1.8.0_144/bin/server;C:/Program Files/Java/jre1.8.0_144/bin;C:/Program Files/Java/jre1.8.0_144/lib/amd64;C:\ProgramData\Oracle\Java\javapath;C:\Program Files (x86)\Intel\iCLS Client\;C:\Program Files\Intel\iCLS Client\;C:\Windows\system32;C:\Windows;C:\Windows\System32\Wbem;C:\Windows\System32\WindowsPowerShell\v1.0\;C:\Program Files (x86)\Intel\Intel(R) Management Engine Components\DAL;C:\Program Files\Intel\Intel(R) Management Engine Components\DAL;C:\Program Files (x86)\Intel\Intel(R) Management Engine Components\IPT;C:\Program Files\Intel\Intel(R) Management Engine Components\IPT;C:\WINDOWS\system32;C:\WINDOWS;C:\WINDOWS\System32\Wbem;C:\WINDOWS\System32\WindowsPowerShell\v1.0\;C:\Program Files (x86)\NVIDIA Corporation\PhysX\Common;C:\Program Files (x86)\Skype\Phone\;C:\Program Files (x86)\Microsoft Visual Studio\Common\Tools\WinNT;C:\Program Files (x86)\Microsoft Visual Studio\Common\MSDev98\Bin;C:\Program Files (x86)\Microsoft Visual Studio\Common\Tools;C;C:\WINDOWS\system32;C:\WINDOWS;C:\WINDOWS\System32\Wbem;C:\WINDOWS\System32\WindowsPowerShell\v1.0\;C:\WINDOWS\System32\OpenSSH\;C:\Program Files\NVIDIA Corporation\NVIDIA NvDLISR;C:\Program Files (x86)\QuickTime\QTSystem\;C:\Program Files (x86)\Microsoft Visual Studio\Common\Tools\WinNT;C:\Program Files (x86)\Microsoft Visual Studio\Common\MSDev98\Bin;C:\Program Files (x86)\Microsoft Visual Studio\Common\Tools;C:\Program Files (x86)\Microsoft Visual Studio\VC98\bin;C:\Users\Mehrab\AppData\Local\Microsoft\WindowsApps;C:\Users\Mehrab\Desktop\aircrack-ng-1.5.2-win\bin\64bit;C:\Users\Mehrab\AppData\Local\GitHubDesktop\bin;C:\WINDOWS\System32;
USERNAME=Mehrab
OS=Windows_NT
PROCESSOR_IDENTIFIER=Intel64 Family 6 Model 142 Stepping 9, GenuineIntel



---------------  S Y S T E M  ---------------

OS: Windows 10.0 , 64 bit Build 17763 (10.0.17763.1)

CPU:total 4 (initial active 4) (2 cores per cpu, 2 threads per core) family 6 model 142 stepping 9, cmov, cx8, fxsr, mmx, sse, sse2, sse3, ssse3, sse4.1, sse4.2, popcnt, avx, avx2, aes, clmul, erms, 3dnowpref, lzcnt, ht, tsc, tscinvbit, bmi1, bmi2, adx

Memory: 4k page, physical 12460588k(8839224k free), swap 14361132k(10336184k free)

vm_info: Java HotSpot(TM) 64-Bit Server VM (25.144-b01) for windows-amd64 JRE (1.8.0_144-b01), built on Jul 21 2017 21:57:33 by "java_re" with MS VC++ 10.0 (VS2010)

time: Tue Jun 18 12:13:12 2019
elapsed time: 2 seconds (0d 0h 0m 2s)

